<?xml version="1.0" encoding="UTF-8"?>
<testsuite name="com.shatteredpixel.shatteredpixeldungeon.EquipmentManagerTest" tests="8" skipped="0" failures="0" errors="0" timestamp="2025-05-18T07:44:13.584Z" hostname="CHLOE" time="0.028">
  <properties/>
  <testcase name="testUnequipArmorRestoresDefense()" classname="com.shatteredpixel.shatteredpixeldungeon.EquipmentManagerTest" time="0.005"/>
  <testcase name="testEquipArmorIncreasesDefense()" classname="com.shatteredpixel.shatteredpixeldungeon.EquipmentManagerTest" time="0.001"/>
  <testcase name="testUnequipAmuletRestoresLuck()" classname="com.shatteredpixel.shatteredpixeldungeon.EquipmentManagerTest" time="0.001"/>
  <testcase name="testUnequipWeaponRestoresAttack()" classname="com.shatteredpixel.shatteredpixeldungeon.EquipmentManagerTest" time="0.001"/>
  <testcase name="testEquipAmuletIncreasesLuck()" classname="com.shatteredpixel.shatteredpixeldungeon.EquipmentManagerTest" time="0.001"/>
  <testcase name="testEquipWeaponIncreasesAttack()" classname="com.shatteredpixel.shatteredpixeldungeon.EquipmentManagerTest" time="0.0"/>
  <testcase name="testReplaceArmorRevertsOldEffectAndAppliesNew()" classname="com.shatteredpixel.shatteredpixeldungeon.EquipmentManagerTest" time="0.002"/>
  <testcase name="testEquipStoresItemInCorrectSlot()" classname="com.shatteredpixel.shatteredpixeldungeon.EquipmentManagerTest" time="0.005"/>
  <system-out><![CDATA[]]></system-out>
  <system-err><![CDATA[]]></system-err>
</testsuite>
