<?xml version="1.0" encoding="UTF-8"?>
<testsuite name="com.shatteredpixel.shatteredpixeldungeon.EquipmentTest" tests="1" skipped="0" failures="0" errors="0" timestamp="2025-05-20T10:45:10.145Z" hostname="CHLOE" time="0.003">
  <properties/>
  <testcase name="testConstructorAndGetters()" classname="com.shatteredpixel.shatteredpixeldungeon.EquipmentTest" time="0.003"/>
  <system-out><![CDATA[]]></system-out>
  <system-err><![CDATA[]]></system-err>
</testsuite>
