<?xml version="1.0" encoding="UTF-8"?>
<testsuite name="com.shatteredpixel.shatteredpixeldungeon.EquipmentManagerTest" tests="8" skipped="0" failures="0" errors="0" timestamp="2025-05-20T10:45:09.975Z" hostname="CHLOE" time="0.155">
  <properties/>
  <testcase name="testUnequipArmorRestoresDefense()" classname="com.shatteredpixel.shatteredpixeldungeon.EquipmentManagerTest" time="0.033"/>
  <testcase name="testEquipArmorIncreasesDefense()" classname="com.shatteredpixel.shatteredpixeldungeon.EquipmentManagerTest" time="0.004"/>
  <testcase name="testUnequipAmuletRestoresLuck()" classname="com.shatteredpixel.shatteredpixeldungeon.EquipmentManagerTest" time="0.008"/>
  <testcase name="testUnequipWeaponRestoresAttack()" classname="com.shatteredpixel.shatteredpixeldungeon.EquipmentManagerTest" time="0.004"/>
  <testcase name="testEquipAmuletIncreasesLuck()" classname="com.shatteredpixel.shatteredpixeldungeon.EquipmentManagerTest" time="0.003"/>
  <testcase name="testEquipWeaponIncreasesAttack()" classname="com.shatteredpixel.shatteredpixeldungeon.EquipmentManagerTest" time="0.008"/>
  <testcase name="testReplaceArmorRevertsOldEffectAndAppliesNew()" classname="com.shatteredpixel.shatteredpixeldungeon.EquipmentManagerTest" time="0.01"/>
  <testcase name="testEquipStoresItemInCorrectSlot()" classname="com.shatteredpixel.shatteredpixeldungeon.EquipmentManagerTest" time="0.015"/>
  <system-out><![CDATA[]]></system-out>
  <system-err><![CDATA[]]></system-err>
</testsuite>
