<?xml version="1.0" encoding="UTF-8"?>
<testsuite name="com.shatteredpixel.shatteredpixeldungeon.WeaponTest" tests="2" skipped="0" failures="0" errors="0" timestamp="2025-05-20T10:45:10.161Z" hostname="CHLOE" time="0.078">
  <properties/>
  <testcase name="testRemoveEffectDecreasesAttack()" classname="com.shatteredpixel.shatteredpixeldungeon.WeaponTest" time="0.068"/>
  <testcase name="testApplyEffectIncreasesAttack()" classname="com.shatteredpixel.shatteredpixeldungeon.WeaponTest" time="0.005"/>
  <system-out><![CDATA[]]></system-out>
  <system-err><![CDATA[]]></system-err>
</testsuite>
