<?xml version="1.0" encoding="UTF-8"?>
<testsuite name="com.shatteredpixel.shatteredpixeldungeon.WeaponTest" tests="2" skipped="0" failures="0" errors="0" timestamp="2025-05-18T07:44:13.623Z" hostname="CHLOE" time="0.012">
  <properties/>
  <testcase name="testRemoveEffectDecreasesAttack()" classname="com.shatteredpixel.shatteredpixeldungeon.WeaponTest" time="0.01"/>
  <testcase name="testApplyEffectIncreasesAttack()" classname="com.shatteredpixel.shatteredpixeldungeon.WeaponTest" time="0.001"/>
  <system-out><![CDATA[]]></system-out>
  <system-err><![CDATA[]]></system-err>
</testsuite>
