<?xml version="1.0" encoding="UTF-8"?>
<testsuite name="com.shatteredpixel.shatteredpixeldungeon.ArmorTest" tests="2" skipped="0" failures="0" errors="0" timestamp="2025-05-20T06:39:43.201Z" hostname="CHLOE" time="0.031">
  <properties/>
  <testcase name="testRemoveEffectDecreasesDefense()" classname="com.shatteredpixel.shatteredpixeldungeon.ArmorTest" time="0.028"/>
  <testcase name="testApplyEffectIncreasesDefense()" classname="com.shatteredpixel.shatteredpixeldungeon.ArmorTest" time="0.001"/>
  <system-out><![CDATA[]]></system-out>
  <system-err><![CDATA[]]></system-err>
</testsuite>
