<?xml version="1.0" encoding="UTF-8"?>
<testsuite name="com.shatteredpixel.shatteredpixeldungeon.AmuletTest" tests="2" skipped="0" failures="0" errors="0" timestamp="2025-05-20T10:45:09.589Z" hostname="CHLOE" time="0.198">
  <properties/>
  <testcase name="testApplyEffectIncreasesLuck()" classname="com.shatteredpixel.shatteredpixeldungeon.AmuletTest" time="0.187"/>
  <testcase name="testRemoveEffectDecreasesLuck()" classname="com.shatteredpixel.shatteredpixeldungeon.AmuletTest" time="0.004"/>
  <system-out><![CDATA[]]></system-out>
  <system-err><![CDATA[]]></system-err>
</testsuite>
