<?xml version="1.0" encoding="UTF-8"?>
<testsuite name="com.shatteredpixel.shatteredpixeldungeon.items.weapon.DamageCalculatorTest" tests="4" skipped="0" failures="0" errors="0" timestamp="2025-05-20T10:45:10.324Z" hostname="CHLOE" time="0.574">
  <properties/>
  <testcase name="testCalculateWithHero_RunsWithoutError()" classname="com.shatteredpixel.shatteredpixeldungeon.items.weapon.DamageCalculatorTest" time="0.56"/>
  <testcase name="testConstructorCoverage()" classname="com.shatteredpixel.shatteredpixeldungeon.items.weapon.DamageCalculatorTest" time="0.002"/>
  <testcase name="testCalculateWithoutHero_NoAugment()" classname="com.shatteredpixel.shatteredpixeldungeon.items.weapon.DamageCalculatorTest" time="0.003"/>
  <testcase name="testCalculateWithoutHero_WithDamageAugment()" classname="com.shatteredpixel.shatteredpixeldungeon.items.weapon.DamageCalculatorTest" time="0.003"/>
  <system-out><![CDATA[]]></system-out>
  <system-err><![CDATA[]]></system-err>
</testsuite>
