<?xml version="1.0" encoding="UTF-8"?>
<testsuite name="com.shatteredpixel.shatteredpixeldungeon.AmuletTest" tests="2" skipped="0" failures="0" errors="0" timestamp="2025-05-20T06:39:43.142Z" hostname="CHLOE" time="0.051">
  <properties/>
  <testcase name="testApplyEffectIncreasesLuck()" classname="com.shatteredpixel.shatteredpixeldungeon.AmuletTest" time="0.048"/>
  <testcase name="testRemoveEffectDecreasesLuck()" classname="com.shatteredpixel.shatteredpixeldungeon.AmuletTest" time="0.001"/>
  <system-out><![CDATA[]]></system-out>
  <system-err><![CDATA[]]></system-err>
</testsuite>
