<?xml version="1.0" encoding="UTF-8"?>
<testsuite name="com.shatteredpixel.shatteredpixeldungeon.items.weapon.AugmentTest" tests="5" skipped="0" failures="0" errors="0" timestamp="2025-05-20T06:39:43.298Z" hostname="CHLOE" time="0.014">
  <properties/>
  <testcase name="testDelayFactorCalculation()" classname="com.shatteredpixel.shatteredpixeldungeon.items.weapon.AugmentTest" time="0.001"/>
  <testcase name="testAugmentValues()" classname="com.shatteredpixel.shatteredpixeldungeon.items.weapon.AugmentTest" time="0.004"/>
  <testcase name="testDamageFactorCalculation()" classname="com.shatteredpixel.shatteredpixeldungeon.items.weapon.AugmentTest" time="0.001"/>
  <testcase name="testInvalidAugmentValueOf()" classname="com.shatteredpixel.shatteredpixeldungeon.items.weapon.AugmentTest" time="0.003"/>
  <testcase name="testAugmentValueOf()" classname="com.shatteredpixel.shatteredpixeldungeon.items.weapon.AugmentTest" time="0.001"/>
  <system-out><![CDATA[]]></system-out>
  <system-err><![CDATA[]]></system-err>
</testsuite>
